This is pdfTeX, Version 3.14159265-2.6-1.40.18 (TeX Live 2017) (preloaded format=pdflatex 2017.8.7)  22 AUG 2017 04:32
entering extended mode
 restricted \write18 enabled.
 %&-line parsing enabled.
**main.tex
(./main.tex
LaTeX2e <2017-04-15>
Babel <3.10> and hyphenation patterns for 84 language(s) loaded.
(/usr/local/texlive/2017/texmf-dist/tex/latex/base/article.cls
Document Class: article 2014/09/29 v1.4h Standard LaTeX document class
(/usr/local/texlive/2017/texmf-dist/tex/latex/base/size10.clo
File: size10.clo 2014/09/29 v1.4h Standard LaTeX file (size option)
)
\c@part=\count79
\c@section=\count80
\c@subsection=\count81
\c@subsubsection=\count82
\c@paragraph=\count83
\c@subparagraph=\count84
\c@figure=\count85
\c@table=\count86
\abovecaptionskip=\skip41
\belowcaptionskip=\skip42
\bibindent=\dimen102
)
(/usr/local/texlive/2017/texmf-dist/tex/latex/amsmath/amsmath.sty
Package: amsmath 2016/11/05 v2.16a AMS math features
\@mathmargin=\skip43

For additional information on amsmath, use the `?' option.
(/usr/local/texlive/2017/texmf-dist/tex/latex/amsmath/amstext.sty
Package: amstext 2000/06/29 v2.01 AMS text

(/usr/local/texlive/2017/texmf-dist/tex/latex/amsmath/amsgen.sty
File: amsgen.sty 1999/11/30 v2.0 generic functions
\@emptytoks=\toks14
\ex@=\dimen103
))
(/usr/local/texlive/2017/texmf-dist/tex/latex/amsmath/amsbsy.sty
Package: amsbsy 1999/11/29 v1.2d Bold Symbols
\pmbraise@=\dimen104
)
(/usr/local/texlive/2017/texmf-dist/tex/latex/amsmath/amsopn.sty
Package: amsopn 2016/03/08 v2.02 operator names
)
\inf@bad=\count87
LaTeX Info: Redefining \frac on input line 213.
\uproot@=\count88
\leftroot@=\count89
LaTeX Info: Redefining \overline on input line 375.
\classnum@=\count90
\DOTSCASE@=\count91
LaTeX Info: Redefining \ldots on input line 472.
LaTeX Info: Redefining \dots on input line 475.
LaTeX Info: Redefining \cdots on input line 596.
\Mathstrutbox@=\box26
\strutbox@=\box27
\big@size=\dimen105
LaTeX Font Info:    Redeclaring font encoding OML on input line 712.
LaTeX Font Info:    Redeclaring font encoding OMS on input line 713.
\macc@depth=\count92
\c@MaxMatrixCols=\count93
\dotsspace@=\muskip10
\c@parentequation=\count94
\dspbrk@lvl=\count95
\tag@help=\toks15
\row@=\count96
\column@=\count97
\maxfields@=\count98
\andhelp@=\toks16
\eqnshift@=\dimen106
\alignsep@=\dimen107
\tagshift@=\dimen108
\tagwidth@=\dimen109
\totwidth@=\dimen110
\lineht@=\dimen111
\@envbody=\toks17
\multlinegap=\skip44
\multlinetaggap=\skip45
\mathdisplay@stack=\toks18
LaTeX Info: Redefining \[ on input line 2817.
LaTeX Info: Redefining \] on input line 2818.
)
(/usr/local/texlive/2017/texmf-dist/tex/latex/graphics/graphicx.sty
Package: graphicx 2014/10/28 v1.0g Enhanced LaTeX Graphics (DPC,SPQR)

(/usr/local/texlive/2017/texmf-dist/tex/latex/graphics/keyval.sty
Package: keyval 2014/10/28 v1.15 key=value parser (DPC)
\KV@toks@=\toks19
)
(/usr/local/texlive/2017/texmf-dist/tex/latex/graphics/graphics.sty
Package: graphics 2017/04/14 v1.1b Standard LaTeX Graphics (DPC,SPQR)

(/usr/local/texlive/2017/texmf-dist/tex/latex/graphics/trig.sty
Package: trig 2016/01/03 v1.10 sin cos tan (DPC)
)
(/usr/local/texlive/2017/texmf-dist/tex/latex/graphics-cfg/graphics.cfg
File: graphics.cfg 2016/06/04 v1.11 sample graphics configuration
)
Package graphics Info: Driver file: pdftex.def on input line 99.

(/usr/local/texlive/2017/texmf-dist/tex/latex/graphics-def/pdftex.def
File: pdftex.def 2017/01/12 v0.06k Graphics/color for pdfTeX

(/usr/local/texlive/2017/texmf-dist/tex/generic/oberdiek/infwarerr.sty
Package: infwarerr 2016/05/16 v1.4 Providing info/warning/error messages (HO)
)
(/usr/local/texlive/2017/texmf-dist/tex/generic/oberdiek/ltxcmds.sty
Package: ltxcmds 2016/05/16 v1.23 LaTeX kernel commands for general use (HO)
)
\Gread@gobject=\count99
))
\Gin@req@height=\dimen112
\Gin@req@width=\dimen113
)
(/usr/local/texlive/2017/texmf-dist/tex/latex/url/url.sty
\Urlmuskip=\muskip11
Package: url 2013/09/16  ver 3.4  Verb mode for urls, etc.
)
(/usr/local/texlive/2017/texmf-dist/tex/latex/geometry/geometry.sty
Package: geometry 2010/09/12 v5.6 Page Geometry

(/usr/local/texlive/2017/texmf-dist/tex/generic/oberdiek/ifpdf.sty
Package: ifpdf 2017/03/15 v3.2 Provides the ifpdf switch
)
(/usr/local/texlive/2017/texmf-dist/tex/generic/oberdiek/ifvtex.sty
Package: ifvtex 2016/05/16 v1.6 Detect VTeX and its facilities (HO)
Package ifvtex Info: VTeX not detected.
)
(/usr/local/texlive/2017/texmf-dist/tex/generic/ifxetex/ifxetex.sty
Package: ifxetex 2010/09/12 v0.6 Provides ifxetex conditional
)
\Gm@cnth=\count100
\Gm@cntv=\count101
\c@Gm@tempcnt=\count102
\Gm@bindingoffset=\dimen114
\Gm@wd@mp=\dimen115
\Gm@odd@mp=\dimen116
\Gm@even@mp=\dimen117
\Gm@layoutwidth=\dimen118
\Gm@layoutheight=\dimen119
\Gm@layouthoffset=\dimen120
\Gm@layoutvoffset=\dimen121
\Gm@dimlist=\toks20
)
(/usr/local/texlive/2017/texmf-dist/tex/latex/tools/indentfirst.sty
Package: indentfirst 1995/11/23 v1.03 Indent first paragraph (DPC)
)
(./main.aux

LaTeX Warning: Label `my-label' multiply defined.


LaTeX Warning: Label `my-label' multiply defined.


LaTeX Warning: Label `my-label' multiply defined.


LaTeX Warning: Label `pics:blablabla' multiply defined.


LaTeX Warning: Label `pics:blablabla' multiply defined.


LaTeX Warning: Label `pics:blablabla' multiply defined.


LaTeX Warning: Label `pics:blablabla' multiply defined.


LaTeX Warning: Label `my-label' multiply defined.


LaTeX Warning: Label `pics:blablabla' multiply defined.


LaTeX Warning: Label `pics:blablabla' multiply defined.


LaTeX Warning: Label `my-label' multiply defined.


LaTeX Warning: Label `pics:blablabla' multiply defined.


LaTeX Warning: Label `pics:blablabla' multiply defined.


LaTeX Warning: Label `pics:blablabla' multiply defined.


LaTeX Warning: Label `pics:blablabla' multiply defined.


LaTeX Warning: Label `pics:blablabla' multiply defined.


LaTeX Warning: Label `pics:blablabla' multiply defined.


LaTeX Warning: Label `pics:blablabla' multiply defined.


LaTeX Warning: Label `pics:blablabla' multiply defined.


LaTeX Warning: Label `pics:blablabla' multiply defined.


LaTeX Warning: Label `pics:blablabla' multiply defined.


LaTeX Warning: Label `pics:blablabla' multiply defined.


LaTeX Warning: Label `pics:blablabla' multiply defined.


LaTeX Warning: Label `pics:blablabla' multiply defined.


LaTeX Warning: Label `pics:blablabla' multiply defined.


LaTeX Warning: Label `pics:blablabla' multiply defined.


LaTeX Warning: Label `pics:blablabla' multiply defined.


LaTeX Warning: Label `pics:blablabla' multiply defined.


LaTeX Warning: Label `pics:blablabla' multiply defined.


LaTeX Warning: Label `pics:blablabla' multiply defined.


LaTeX Warning: Label `pics:blablabla' multiply defined.


LaTeX Warning: Label `pics:blablabla' multiply defined.


LaTeX Warning: Label `pics:blablabla' multiply defined.


LaTeX Warning: Label `pics:blablabla' multiply defined.

)
\openout1 = `main.aux'.

LaTeX Font Info:    Checking defaults for OML/cmm/m/it on input line 31.
LaTeX Font Info:    ... okay on input line 31.
LaTeX Font Info:    Checking defaults for T1/cmr/m/n on input line 31.
LaTeX Font Info:    ... okay on input line 31.
LaTeX Font Info:    Checking defaults for OT1/cmr/m/n on input line 31.
LaTeX Font Info:    ... okay on input line 31.
LaTeX Font Info:    Checking defaults for OMS/cmsy/m/n on input line 31.
LaTeX Font Info:    ... okay on input line 31.
LaTeX Font Info:    Checking defaults for OMX/cmex/m/n on input line 31.
LaTeX Font Info:    ... okay on input line 31.
LaTeX Font Info:    Checking defaults for U/cmr/m/n on input line 31.
LaTeX Font Info:    ... okay on input line 31.
 (/usr/local/texlive/2017/texmf-dist/tex/context/base/mkii/supp-pdf.mkii
[Loading MPS to PDF converter (version 2006.09.02).]
\scratchcounter=\count103
\scratchdimen=\dimen122
\scratchbox=\box28
\nofMPsegments=\count104
\nofMParguments=\count105
\everyMPshowfont=\toks21
\MPscratchCnt=\count106
\MPscratchDim=\dimen123
\MPnumerator=\count107
\makeMPintoPDFobject=\count108
\everyMPtoPDFconversion=\toks22
) (/usr/local/texlive/2017/texmf-dist/tex/generic/oberdiek/pdftexcmds.sty
Package: pdftexcmds 2017/03/19 v0.25 Utility functions of pdfTeX for LuaTeX (HO
)

(/usr/local/texlive/2017/texmf-dist/tex/generic/oberdiek/ifluatex.sty
Package: ifluatex 2016/05/16 v1.4 Provides the ifluatex switch (HO)
Package ifluatex Info: LuaTeX not detected.
)
Package pdftexcmds Info: LuaTeX not detected.
Package pdftexcmds Info: \pdf@primitive is available.
Package pdftexcmds Info: \pdf@ifprimitive is available.
Package pdftexcmds Info: \pdfdraftmode found.
)
(/usr/local/texlive/2017/texmf-dist/tex/latex/oberdiek/epstopdf-base.sty
Package: epstopdf-base 2016/05/15 v2.6 Base part for package epstopdf

(/usr/local/texlive/2017/texmf-dist/tex/latex/oberdiek/grfext.sty
Package: grfext 2016/05/16 v1.2 Manage graphics extensions (HO)

(/usr/local/texlive/2017/texmf-dist/tex/generic/oberdiek/kvdefinekeys.sty
Package: kvdefinekeys 2016/05/16 v1.4 Define keys (HO)
))
(/usr/local/texlive/2017/texmf-dist/tex/latex/oberdiek/kvoptions.sty
Package: kvoptions 2016/05/16 v3.12 Key value format for package options (HO)

(/usr/local/texlive/2017/texmf-dist/tex/generic/oberdiek/kvsetkeys.sty
Package: kvsetkeys 2016/05/16 v1.17 Key value parser (HO)

(/usr/local/texlive/2017/texmf-dist/tex/generic/oberdiek/etexcmds.sty
Package: etexcmds 2016/05/16 v1.6 Avoid name clashes with e-TeX commands (HO)
Package etexcmds Info: Could not find \expanded.
(etexcmds)             That can mean that you are not using pdfTeX 1.50 or
(etexcmds)             that some package has redefined \expanded.
(etexcmds)             In the latter case, load this package earlier.
)))
Package epstopdf-base Info: Redefining graphics rule for `.eps' on input line 4
38.
Package grfext Info: Graphics extension search list:
(grfext)             [.png,.pdf,.jpg,.mps,.jpeg,.jbig2,.jb2,.PNG,.PDF,.JPG,.JPE
G,.JBIG2,.JB2,.eps]
(grfext)             \AppendGraphicsExtensions on input line 456.

(/usr/local/texlive/2017/texmf-dist/tex/latex/latexconfig/epstopdf-sys.cfg
File: epstopdf-sys.cfg 2010/07/13 v1.3 Configuration of (r)epstopdf for TeX Liv
e
))
*geometry* driver: auto-detecting
*geometry* detected driver: pdftex
*geometry* verbose mode - [ preamble ] result:
* driver: pdftex
* paper: <default>
* layout: <same size as paper>
* layoutoffset:(h,v)=(0.0pt,0.0pt)
* modes: 
* h-part:(L,W,R)=(108.405pt, 397.485pt, 108.405pt)
* v-part:(T,H,B)=(108.405pt, 578.15999pt, 108.405pt)
* \paperwidth=614.295pt
* \paperheight=794.96999pt
* \textwidth=397.485pt
* \textheight=578.15999pt
* \oddsidemargin=36.13501pt
* \evensidemargin=36.13501pt
* \topmargin=-0.86499pt
* \headheight=12.0pt
* \headsep=25.0pt
* \topskip=10.0pt
* \footskip=30.0pt
* \marginparwidth=65.0pt
* \marginparsep=11.0pt
* \columnsep=10.0pt
* \skip\footins=9.0pt plus 4.0pt minus 2.0pt
* \hoffset=0.0pt
* \voffset=0.0pt
* \mag=1000
* \@twocolumnfalse
* \@twosidefalse
* \@mparswitchfalse
* \@reversemarginfalse
* (1in=72.27pt=25.4mm, 1cm=28.453pt)

[1

{/usr/local/texlive/2017/texmf-var/fonts/map/pdftex/updmap/pdftex.map}]
(./main.toc)
\tf@toc=\write3
\openout3 = `main.toc'.

 (./main.lof [2] [3] [4])
\tf@lof=\write4
\openout4 = `main.lof'.

 (./main.lot)
\tf@lot=\write5
\openout5 = `main.lot'.

 [5]

LaTeX Warning: No positions in optional float specifier.
               Default added (so using `tbp') on input line 65.


LaTeX Warning: No positions in optional float specifier.
               Default added (so using `tbp') on input line 95.


LaTeX Warning: No positions in optional float specifier.
               Default added (so using `tbp') on input line 118.

LaTeX Font Info:    Try loading font information for OML+cmr on input line 128.

(/usr/local/texlive/2017/texmf-dist/tex/latex/base/omlcmr.fd
File: omlcmr.fd 2014/09/29 v2.5h Standard LaTeX font definitions
)
LaTeX Font Info:    Font shape `OML/cmr/m/n' in size <10> not available
(Font)              Font shape `OML/cmm/m/it' tried instead on input line 128.

Overfull \hbox (52.93048pt too wide) in paragraph at lines 123--151
 [][] 
 []

[6] [7] [8] <figures/mu_Zpt.pdf, id=38, 661.47125pt x 473.77pt>
File: figures/mu_Zpt.pdf Graphic file (type pdf)

<use figures/mu_Zpt.pdf>
Package pdftex.def Info: figures/mu_Zpt.pdf used on input line 168.
(pdftex.def)             Requested size: 178.86703pt x 128.10756pt.
 <figures/mu_Zmass.pdf, id=39, 652.4375pt x 465.74pt>
File: figures/mu_Zmass.pdf Graphic file (type pdf)

<use figures/mu_Zmass.pdf>
Package pdftex.def Info: figures/mu_Zmass.pdf used on input line 169.
(pdftex.def)             Requested size: 178.86703pt x 127.68448pt.

<figures/mu_Jetpt.pdf, id=40, 637.38126pt x 456.70625pt>
File: figures/mu_Jetpt.pdf Graphic file (type pdf)

<use figures/mu_Jetpt.pdf>
Package pdftex.def Info: figures/mu_Jetpt.pdf used on input line 171.
(pdftex.def)             Requested size: 178.86703pt x 128.16258pt.

<figures/mu_JetSDmass.pdf, id=41, 660.4675pt x 476.78125pt>
File: figures/mu_JetSDmass.pdf Graphic file (type pdf)

<use figures/mu_JetSDmass.pdf>
Package pdftex.def Info: figures/mu_JetSDmass.pdf used on input line 172.
(pdftex.def)             Requested size: 178.86703pt x 129.11823pt.
 [9 <./figures/mu_Zpt.pdf> <./figures/mu_Zmass.pdf> <./figures/mu_Jetpt.pdf> <.
/figures/mu_JetSDmass.pdf>]

LaTeX Warning: No positions in optional float specifier.
               Default added (so using `tbp') on input line 192.

<figures/doubleB_appliedSF.pdf, id=105, 620.3175pt x 443.6575pt>
File: figures/doubleB_appliedSF.pdf Graphic file (type pdf)

<use figures/doubleB_appliedSF.pdf>
Package pdftex.def Info: figures/doubleB_appliedSF.pdf used on input line 210.
(pdftex.def)             Requested size: 278.23828pt x 198.99413pt.
 [10]
<figures/tau21Region_Pass.pdf, id=109, 590.205pt x 422.57875pt>
File: figures/tau21Region_Pass.pdf Graphic file (type pdf)

<use figures/tau21Region_Pass.pdf>
Package pdftex.def Info: figures/tau21Region_Pass.pdf used on input line 237.
(pdftex.def)             Requested size: 178.86703pt x 128.0642pt.

<figures/tau21Region_Fail.pdf, id=110, 592.2125pt x 422.57875pt>
File: figures/tau21Region_Fail.pdf Graphic file (type pdf)

<use figures/tau21Region_Fail.pdf>
Package pdftex.def Info: figures/tau21Region_Fail.pdf used on input line 238.
(pdftex.def)             Requested size: 178.86703pt x 127.63219pt.

<figures/tau21Region_PassFailRatio.pdf, id=111, 590.205pt x 422.57875pt>
File: figures/tau21Region_PassFailRatio.pdf Graphic file (type pdf)

<use figures/tau21Region_PassFailRatio.pdf>
Package pdftex.def Info: figures/tau21Region_PassFailRatio.pdf used on input li
ne 246.
(pdftex.def)             Requested size: 178.86703pt x 128.0642pt.

<figures/tau21Region_ZHmass.pdf, id=112, 588.1975pt x 422.57875pt>
File: figures/tau21Region_ZHmass.pdf Graphic file (type pdf)

<use figures/tau21Region_ZHmass.pdf>
Package pdftex.def Info: figures/tau21Region_ZHmass.pdf used on input line 247.

(pdftex.def)             Requested size: 178.86703pt x 128.50267pt.

<figures/SRRegion_PassFailRatio.pdf, id=113, 592.2125pt x 422.57875pt>
File: figures/SRRegion_PassFailRatio.pdf Graphic file (type pdf)

<use figures/SRRegion_PassFailRatio.pdf>
Package pdftex.def Info: figures/SRRegion_PassFailRatio.pdf used on input line 
256.
(pdftex.def)             Requested size: 178.86703pt x 127.63219pt.

<figures/SRRegion_ZHmass.pdf, id=114, 589.20125pt x 422.57875pt>
File: figures/SRRegion_ZHmass.pdf Graphic file (type pdf)

<use figures/SRRegion_ZHmass.pdf>
Package pdftex.def Info: figures/SRRegion_ZHmass.pdf used on input line 257.
(pdftex.def)             Requested size: 178.86703pt x 128.28343pt.
 [11 <./figures/doubleB_appliedSF.pdf>]
[12 <./figures/tau21Region_Pass.pdf> <./figures/tau21Region_Fail.pdf> <./figure
s/tau21Region_PassFailRatio.pdf> <./figures/tau21Region_ZHmass.pdf>] [13 <./fig
ures/SRRegion_PassFailRatio.pdf> <./figures/SRRegion_ZHmass.pdf>]

LaTeX Warning: No positions in optional float specifier.
               Default added (so using `tbp') on input line 278.


Overfull \hbox (89.96034pt too wide) in paragraph at lines 283--291
 [][] 
 []

<figures/tau21_SignalSample.pdf, id=231, 598.235pt x 431.6125pt>
File: figures/tau21_SignalSample.pdf Graphic file (type pdf)

<use figures/tau21_SignalSample.pdf>
Package pdftex.def Info: figures/tau21_SignalSample.pdf used on input line 296.

(pdftex.def)             Requested size: 278.23828pt x 200.74384pt.

<figures/tau21_SignalBackgroundSample.pdf, id=232, 598.235pt x 428.60126pt>
File: figures/tau21_SignalBackgroundSample.pdf Graphic file (type pdf)

<use figures/tau21_SignalBackgroundSample.pdf>
Package pdftex.def Info: figures/tau21_SignalBackgroundSample.pdf used on input
 line 305.
(pdftex.def)             Requested size: 278.23828pt x 199.34329pt.
 [14 <./figures/tau21_SignalSample.pdf>] [15 <./figures/tau21_SignalBackgroundS
ample.pdf>]

LaTeX Warning: No positions in optional float specifier.
               Default added (so using `tbp') on input line 340.

<figures/beforeKFactorApply.pdf, id=269, 605.26125pt x 436.63126pt>
File: figures/beforeKFactorApply.pdf Graphic file (type pdf)

<use figures/beforeKFactorApply.pdf>
Package pdftex.def Info: figures/beforeKFactorApply.pdf used on input line 356.

(pdftex.def)             Requested size: 178.86703pt x 129.03162pt.

<figures/afterKFactorApply.pdf, id=270, 608.2725pt x 436.63126pt>
File: figures/afterKFactorApply.pdf Graphic file (type pdf)

<use figures/afterKFactorApply.pdf>
Package pdftex.def Info: figures/afterKFactorApply.pdf used on input line 357.
(pdftex.def)             Requested size: 178.86703pt x 128.39203pt.
 [16 <./figures/beforeKFactorApply.pdf> <./figures/afterKFactorApply.pdf>]
<figures/fit_CR_in_ZHmass.pdf, id=304, 569.12625pt x 410.53375pt>
File: figures/fit_CR_in_ZHmass.pdf Graphic file (type pdf)

<use figures/fit_CR_in_ZHmass.pdf>
Package pdftex.def Info: figures/fit_CR_in_ZHmass.pdf used on input line 392.
(pdftex.def)             Requested size: 278.23828pt x 200.71227pt.
 [17] [18 <./figures/fit_CR_in_ZHmass.pdf, page is rotated 90 degrees>]
<figures/2016Paper_Intrinsic_noise.pdf, id=358, 650.43pt x 486.81876pt>
File: figures/2016Paper_Intrinsic_noise.pdf Graphic file (type pdf)

<use figures/2016Paper_Intrinsic_noise.pdf>
Package pdftex.def Info: figures/2016Paper_Intrinsic_noise.pdf used on input li
ne 418.
(pdftex.def)             Requested size: 278.23828pt x 208.25089pt.
 [19 <./figures/2016Paper_Intrinsic_noise.pdf>] <figures/SKIROC-CMS2_chip.pdf, 
id=374, 706.64pt x 642.4pt>
File: figures/SKIROC-CMS2_chip.pdf Graphic file (type pdf)

<use figures/SKIROC-CMS2_chip.pdf>
Package pdftex.def Info: figures/SKIROC-CMS2_chip.pdf used on input line 434.
(pdftex.def)             Requested size: 278.23828pt x 252.94633pt.

<figures/2017MayTestBeam_Setup.pdf, id=375, 782.925pt x 517.935pt>
File: figures/2017MayTestBeam_Setup.pdf Graphic file (type pdf)

<use figures/2017MayTestBeam_Setup.pdf>
Package pdftex.def Info: figures/2017MayTestBeam_Setup.pdf used on input line 4
45.
(pdftex.def)             Requested size: 397.485pt x 262.94998pt.

<figures/2017MayTestBeam_eventDisplay1.pdf, id=376, 753.81625pt x 509.905pt>
File: figures/2017MayTestBeam_eventDisplay1.pdf Graphic file (type pdf)

<use figures/2017MayTestBeam_eventDisplay1.pdf>
Package pdftex.def Info: figures/2017MayTestBeam_eventDisplay1.pdf used on inpu
t line 457.
(pdftex.def)             Requested size: 397.485pt x 268.8712pt.

<figures/MIP_ch1_36_ref_ch1_58.png, id=377, 569.4876pt x 387.849pt>
File: figures/MIP_ch1_36_ref_ch1_58.png Graphic file (type png)

<use figures/MIP_ch1_36_ref_ch1_58.png>
Package pdftex.def Info: figures/MIP_ch1_36_ref_ch1_58.png used on input line 4
66.
(pdftex.def)             Requested size: 397.485pt x 270.71124pt.
 [20 <./figures/SKIROC-CMS2_chip.pdf>]
[21 <./figures/2017MayTestBeam_Setup.pdf>] [22 <./figures/2017MayTestBeam_event
Display1.pdf>] [23 <./figures/MIP_ch1_36_ref_ch1_58.png>]
<figures/SCA_and_TimeSample2.pdf, id=422, 699.61375pt x 309.155pt>
File: figures/SCA_and_TimeSample2.pdf Graphic file (type pdf)

<use figures/SCA_and_TimeSample2.pdf>
Package pdftex.def Info: figures/SCA_and_TimeSample2.pdf used on input line 483
.
(pdftex.def)             Requested size: 278.23828pt x 122.95221pt.

<figures/Shilpi_fit_TimeSample_shape.pdf, id=423, 629.35126pt x 498.86375pt>
File: figures/Shilpi_fit_TimeSample_shape.pdf Graphic file (type pdf)

<use figures/Shilpi_fit_TimeSample_shape.pdf>
Package pdftex.def Info: figures/Shilpi_fit_TimeSample_shape.pdf used on input 
line 490.
(pdftex.def)             Requested size: 278.23828pt x 220.5512pt.

<figures/goodPEDrun.pdf, id=424, 1138.2525pt x 492.84125pt>
File: figures/goodPEDrun.pdf Graphic file (type pdf)

<use figures/goodPEDrun.pdf>
Package pdftex.def Info: figures/goodPEDrun.pdf used on input line 498.
(pdftex.def)             Requested size: 278.23828pt x 120.47267pt.

<figures/badPEDrun.pdf, id=425, 1076.02pt x 478.78876pt>
File: figures/badPEDrun.pdf Graphic file (type pdf)

<use figures/badPEDrun.pdf>
Package pdftex.def Info: figures/badPEDrun.pdf used on input line 506.
(pdftex.def)             Requested size: 278.23828pt x 123.8027pt.
 [24 <./figures/SCA_and_TimeSample2.pdf>] [25 <./figures/Shilpi_fit_TimeSample_
shape.pdf> <./figures/goodPEDrun.pdf>]
<figures/2017JulyTestBeam_3moduleForFH.pdf, id=463, 756.8275pt x 567.11874pt>
File: figures/2017JulyTestBeam_3moduleForFH.pdf Graphic file (type pdf)

<use figures/2017JulyTestBeam_3moduleForFH.pdf>
Package pdftex.def Info: figures/2017JulyTestBeam_3moduleForFH.pdf used on inpu
t line 524.
(pdftex.def)             Requested size: 278.23828pt x 208.48935pt.

<figures/2017JulyTestBeam_setup1.pdf, id=464, 868.24374pt x 652.4375pt>
File: figures/2017JulyTestBeam_setup1.pdf Graphic file (type pdf)

<use figures/2017JulyTestBeam_setup1.pdf>
Package pdftex.def Info: figures/2017JulyTestBeam_setup1.pdf used on input line
 531.
(pdftex.def)             Requested size: 278.23828pt x 209.08292pt.

<figures/2017JulyTestBeam_FH_position.pdf, id=465, 1032.85875pt x 567.11874pt>
File: figures/2017JulyTestBeam_FH_position.pdf Graphic file (type pdf)

<use figures/2017JulyTestBeam_FH_position.pdf>
Package pdftex.def Info: figures/2017JulyTestBeam_FH_position.pdf used on input
 line 538.
(pdftex.def)             Requested size: 278.23828pt x 152.7693pt.

<figures/2017JulyTestBeam_eventDisplay.pdf, id=466, 1078.0275pt x 485.815pt>
File: figures/2017JulyTestBeam_eventDisplay.pdf Graphic file (type pdf)

<use figures/2017JulyTestBeam_eventDisplay.pdf>
Package pdftex.def Info: figures/2017JulyTestBeam_eventDisplay.pdf used on inpu
t line 545.
(pdftex.def)             Requested size: 278.23828pt x 125.38971pt.

<figures/2017JulyTestBeam_AHCAL_DataTaking.pdf, id=467, 1118.1775pt x 613.29124
pt>
File: figures/2017JulyTestBeam_AHCAL_DataTaking.pdf Graphic file (type pdf)
 <use figures/2017JulyTestBeam_AHCAL_DataTaking.pdf>
Package pdftex.def Info: figures/2017JulyTestBeam_AHCAL_DataTaking.pdf used on 
input line 552.
(pdftex.def)             Requested size: 278.23828pt x 152.60185pt.
 [26 <./figures/badPEDrun.pdf>] [27 <./figures/2017JulyTestBeam_3moduleForFH.pd
f> <./figures/2017JulyTestBeam_setup1.pdf>] [28 <./figures/2017JulyTestBeam_FH_
position.pdf> <./figures/2017JulyTestBeam_eventDisplay.pdf> <./figures/2017July
TestBeam_AHCAL_DataTaking.pdf>] <figures/genjet_variables.pdf, id=538, 721.6962
4pt x 501.875pt>
File: figures/genjet_variables.pdf Graphic file (type pdf)

<use figures/genjet_variables.pdf>
Package pdftex.def Info: figures/genjet_variables.pdf used on input line 573.
(pdftex.def)             Requested size: 278.23828pt x 193.48666pt.

<figures/genjet_variables_RecovsGen.pdf, id=539, 939.51pt x 636.3775pt>
File: figures/genjet_variables_RecovsGen.pdf Graphic file (type pdf)

<use figures/genjet_variables_RecovsGen.pdf>
Package pdftex.def Info: figures/genjet_variables_RecovsGen.pdf used on input l
ine 580.
(pdftex.def)             Requested size: 278.23828pt x 188.45801pt.

<figures/genjet_energy_fraction_20Bins.pdf, id=540, 569.12625pt x 328.22626pt>
File: figures/genjet_energy_fraction_20Bins.pdf Graphic file (type pdf)

<use figures/genjet_energy_fraction_20Bins.pdf>
Package pdftex.def Info: figures/genjet_energy_fraction_20Bins.pdf used on inpu
t line 587.
(pdftex.def)             Requested size: 397.485pt x 229.24596pt.
 [29] [30 <./figures/genjet_variables.pdf> <./figures/genjet_variables_RecovsGe
n.pdf>]
<figures/TriggerShift_subsystem.pdf, id=567, 1108.14pt x 557.08125pt>
File: figures/TriggerShift_subsystem.pdf Graphic file (type pdf)

<use figures/TriggerShift_subsystem.pdf>
Package pdftex.def Info: figures/TriggerShift_subsystem.pdf used on input line 
604.
(pdftex.def)             Requested size: 397.485pt x 199.81807pt.

<figures/TriggerShift_seat.pdf, id=568, 485.815pt x 532.99126pt>
File: figures/TriggerShift_seat.pdf Graphic file (type pdf)

<use figures/TriggerShift_seat.pdf>
Package pdftex.def Info: figures/TriggerShift_seat.pdf used on input line 611.
(pdftex.def)             Requested size: 278.23828pt x 305.25581pt.

<figures/TriggerShift_photo.pdf, id=569, 548.0475pt x 498.86375pt>
File: figures/TriggerShift_photo.pdf Graphic file (type pdf)

<use figures/TriggerShift_photo.pdf>
Package pdftex.def Info: figures/TriggerShift_photo.pdf used on input line 618.

(pdftex.def)             Requested size: 278.23828pt x 253.26773pt.

<figures/TriggerShift_interface.pdf, id=570, 1092.08pt x 573.14125pt>
File: figures/TriggerShift_interface.pdf Graphic file (type pdf)

<use figures/TriggerShift_interface.pdf>
Package pdftex.def Info: figures/TriggerShift_interface.pdf used on input line 
625.
(pdftex.def)             Requested size: 397.485pt x 208.60449pt.
 [31 <./figures/genjet_energy_fraction_20Bins.pdf, page is rotated 90 degrees>]
 [32 <./figures/TriggerShift_subsystem.pdf> <./figures/TriggerShift_seat.pdf>] 
[33 <./figures/TriggerShift_photo.pdf> <./figures/TriggerShift_interface.pdf>]
Underfull \hbox (badness 1052) in paragraph at lines 658--660
[]\OT1/cmr/m/n/10 CMS in-ter-nal twiki link, ``Pa-per Sum-maris-ing 2016 Beam T
ests at FNAL and
 []


Underfull \hbox (badness 10000) in paragraph at lines 662--664
\OT1/cmtt/m/n/10 https : / / docs . google . com / spreadsheets / d / 1ju1r2Be2
dpvIa7 _
 []


Underfull \hbox (badness 10000) in paragraph at lines 670--672
\OT1/cmtt/m/n/10 https : / / docs . google . com / spreadsheets / d / 1ZUL7VM7E
K651mL _
 []


Underfull \hbox (badness 10000) in paragraph at lines 674--677
\OT1/cmtt/m/n/10 https : / / github . com / yuchanggit / cmssw / blob / master 
/ RecoJets / JetProducers /
 []


Underfull \hbox (badness 10000) in paragraph at lines 674--677
\OT1/cmtt/m/n/10 https : / / github . com / yuchanggit / cmssw / blob / master 
/ DataFormats / JetReco /
 []

[34] (./main.aux)

LaTeX Warning: There were multiply-defined labels.

 ) 
Here is how much of TeX's memory you used:
 2889 strings out of 492995
 43614 string characters out of 6132705
 114645 words of memory out of 5000000
 6363 multiletter control sequences out of 15000+600000
 9191 words of font info for 34 fonts, out of 8000000 for 9000
 1141 hyphenation exceptions out of 8191
 39i,15n,32p,1062b,262s stack positions out of 5000i,500n,10000p,200000b,80000s
</usr/local/texlive/2017/texmf-dist/fonts/type1/public/amsfonts/cm/cmbx10.pfb
></usr/local/texlive/2017/texmf-dist/fonts/type1/public/amsfonts/cm/cmbx12.pfb>
</usr/local/texlive/2017/texmf-dist/fonts/type1/public/amsfonts/cm/cmex10.pfb><
/usr/local/texlive/2017/texmf-dist/fonts/type1/public/amsfonts/cm/cmmi10.pfb></
usr/local/texlive/2017/texmf-dist/fonts/type1/public/amsfonts/cm/cmmi5.pfb></us
r/local/texlive/2017/texmf-dist/fonts/type1/public/amsfonts/cm/cmmi7.pfb></usr/
local/texlive/2017/texmf-dist/fonts/type1/public/amsfonts/cm/cmr10.pfb></usr/lo
cal/texlive/2017/texmf-dist/fonts/type1/public/amsfonts/cm/cmr12.pfb></usr/loca
l/texlive/2017/texmf-dist/fonts/type1/public/amsfonts/cm/cmr17.pfb></usr/local/
texlive/2017/texmf-dist/fonts/type1/public/amsfonts/cm/cmr5.pfb></usr/local/tex
live/2017/texmf-dist/fonts/type1/public/amsfonts/cm/cmr7.pfb></usr/local/texliv
e/2017/texmf-dist/fonts/type1/public/amsfonts/cm/cmsy10.pfb></usr/local/texlive
/2017/texmf-dist/fonts/type1/public/amsfonts/cm/cmsy5.pfb></usr/local/texlive/2
017/texmf-dist/fonts/type1/public/amsfonts/cm/cmsy7.pfb></usr/local/texlive/201
7/texmf-dist/fonts/type1/public/amsfonts/cm/cmtt10.pfb>
Output written on main.pdf (34 pages, 9621674 bytes).
PDF statistics:
 717 PDF objects out of 1000 (max. 8388607)
 456 compressed objects within 5 object streams
 0 named destinations out of 1000 (max. 500000)
 186 words of extra memory for PDF output out of 10000 (max. 10000000)

